{"C:\\Users\\Sam\\Desktop\\MongoDB-Arnia\\services\\services.js": {"path":"C:\\Users\\Sam\\Desktop\\MongoDB-Arnia\\services\\services.js","statementMap":{"0":{"start":{"line":3,"column":8},"end":{"line":3,"column":37}},"1":{"start":{"line":7,"column":8},"end":{"line":12,"column":9}},"2":{"start":{"line":8,"column":29},"end":{"line":8,"column":59}},"3":{"start":{"line":9,"column":12},"end":{"line":9,"column":28}},"4":{"start":{"line":11,"column":12},"end":{"line":11,"column":82}},"5":{"start":{"line":16,"column":8},"end":{"line":28,"column":9}},"6":{"start":{"line":17,"column":29},"end":{"line":17,"column":59}},"7":{"start":{"line":24,"column":12},"end":{"line":24,"column":57}},"8":{"start":{"line":24,"column":43},"end":{"line":24,"column":55}},"9":{"start":{"line":27,"column":12},"end":{"line":27,"column":82}},"10":{"start":{"line":32,"column":8},"end":{"line":37,"column":9}},"11":{"start":{"line":33,"column":28},"end":{"line":33,"column":61}},"12":{"start":{"line":34,"column":12},"end":{"line":34,"column":27}},"13":{"start":{"line":36,"column":12},"end":{"line":36,"column":82}},"14":{"start":{"line":41,"column":8},"end":{"line":46,"column":9}},"15":{"start":{"line":42,"column":28},"end":{"line":42,"column":65}},"16":{"start":{"line":43,"column":12},"end":{"line":43,"column":27}},"17":{"start":{"line":45,"column":12},"end":{"line":45,"column":82}},"18":{"start":{"line":50,"column":8},"end":{"line":60,"column":9}},"19":{"start":{"line":51,"column":32},"end":{"line":51,"column":62}},"20":{"start":{"line":52,"column":50},"end":{"line":54,"column":14}},"21":{"start":{"line":53,"column":16},"end":{"line":53,"column":42}},"22":{"start":{"line":56,"column":12},"end":{"line":56,"column":51}},"23":{"start":{"line":59,"column":12},"end":{"line":59,"column":82}},"24":{"start":{"line":64,"column":8},"end":{"line":71,"column":9}},"25":{"start":{"line":65,"column":40},"end":{"line":65,"column":86}},"26":{"start":{"line":67,"column":12},"end":{"line":67,"column":38}},"27":{"start":{"line":70,"column":12},"end":{"line":70,"column":82}},"28":{"start":{"line":75,"column":8},"end":{"line":80,"column":9}},"29":{"start":{"line":76,"column":27},"end":{"line":76,"column":64}},"30":{"start":{"line":77,"column":12},"end":{"line":77,"column":26}},"31":{"start":{"line":79,"column":12},"end":{"line":79,"column":82}},"32":{"start":{"line":84,"column":8},"end":{"line":89,"column":9}},"33":{"start":{"line":85,"column":27},"end":{"line":85,"column":69}},"34":{"start":{"line":86,"column":12},"end":{"line":86,"column":26}},"35":{"start":{"line":88,"column":12},"end":{"line":88,"column":82}},"36":{"start":{"line":93,"column":8},"end":{"line":98,"column":9}},"37":{"start":{"line":94,"column":27},"end":{"line":94,"column":68}},"38":{"start":{"line":95,"column":12},"end":{"line":95,"column":26}},"39":{"start":{"line":97,"column":12},"end":{"line":97,"column":82}},"40":{"start":{"line":102,"column":8},"end":{"line":107,"column":9}},"41":{"start":{"line":103,"column":27},"end":{"line":103,"column":59}},"42":{"start":{"line":104,"column":12},"end":{"line":104,"column":26}},"43":{"start":{"line":106,"column":12},"end":{"line":106,"column":82}},"44":{"start":{"line":111,"column":8},"end":{"line":116,"column":9}},"45":{"start":{"line":112,"column":27},"end":{"line":112,"column":60}},"46":{"start":{"line":113,"column":12},"end":{"line":113,"column":26}},"47":{"start":{"line":115,"column":12},"end":{"line":115,"column":82}},"48":{"start":{"line":121,"column":0},"end":{"line":121,"column":29}}},"fnMap":{"0":{"name":"(anonymous_0)","decl":{"start":{"line":2,"column":4},"end":{"line":2,"column":5}},"loc":{"start":{"line":2,"column":28},"end":{"line":4,"column":5}},"line":2},"1":{"name":"(anonymous_1)","decl":{"start":{"line":6,"column":4},"end":{"line":6,"column":5}},"loc":{"start":{"line":6,"column":19},"end":{"line":13,"column":5}},"line":6},"2":{"name":"(anonymous_2)","decl":{"start":{"line":15,"column":4},"end":{"line":15,"column":5}},"loc":{"start":{"line":15,"column":36},"end":{"line":29,"column":5}},"line":15},"3":{"name":"(anonymous_3)","decl":{"start":{"line":24,"column":32},"end":{"line":24,"column":33}},"loc":{"start":{"line":24,"column":43},"end":{"line":24,"column":55}},"line":24},"4":{"name":"(anonymous_4)","decl":{"start":{"line":31,"column":4},"end":{"line":31,"column":5}},"loc":{"start":{"line":31,"column":22},"end":{"line":38,"column":5}},"line":31},"5":{"name":"(anonymous_5)","decl":{"start":{"line":40,"column":4},"end":{"line":40,"column":5}},"loc":{"start":{"line":40,"column":26},"end":{"line":47,"column":5}},"line":40},"6":{"name":"(anonymous_6)","decl":{"start":{"line":49,"column":4},"end":{"line":49,"column":5}},"loc":{"start":{"line":49,"column":39},"end":{"line":61,"column":5}},"line":49},"7":{"name":"(anonymous_7)","decl":{"start":{"line":52,"column":67},"end":{"line":52,"column":68}},"loc":{"start":{"line":52,"column":77},"end":{"line":54,"column":13}},"line":52},"8":{"name":"(anonymous_8)","decl":{"start":{"line":63,"column":4},"end":{"line":63,"column":5}},"loc":{"start":{"line":63,"column":35},"end":{"line":72,"column":5}},"line":63},"9":{"name":"(anonymous_9)","decl":{"start":{"line":74,"column":4},"end":{"line":74,"column":5}},"loc":{"start":{"line":74,"column":26},"end":{"line":81,"column":5}},"line":74},"10":{"name":"(anonymous_10)","decl":{"start":{"line":83,"column":4},"end":{"line":83,"column":5}},"loc":{"start":{"line":83,"column":31},"end":{"line":90,"column":5}},"line":83},"11":{"name":"(anonymous_11)","decl":{"start":{"line":92,"column":4},"end":{"line":92,"column":5}},"loc":{"start":{"line":92,"column":30},"end":{"line":99,"column":5}},"line":92},"12":{"name":"(anonymous_12)","decl":{"start":{"line":101,"column":4},"end":{"line":101,"column":5}},"loc":{"start":{"line":101,"column":21},"end":{"line":108,"column":5}},"line":101},"13":{"name":"(anonymous_13)","decl":{"start":{"line":110,"column":4},"end":{"line":110,"column":5}},"loc":{"start":{"line":110,"column":22},"end":{"line":117,"column":5}},"line":110}},"branchMap":{},"s":{"0":1,"1":3,"2":3,"3":2,"4":1,"5":0,"6":0,"7":0,"8":0,"9":0,"10":3,"11":3,"12":2,"13":1,"14":0,"15":0,"16":0,"17":0,"18":3,"19":3,"20":2,"21":9,"22":2,"23":1,"24":0,"25":0,"26":0,"27":0,"28":3,"29":3,"30":2,"31":1,"32":0,"33":0,"34":0,"35":0,"36":0,"37":0,"38":0,"39":0,"40":0,"41":0,"42":0,"43":0,"44":0,"45":0,"46":0,"47":0,"48":1},"f":{"0":1,"1":3,"2":0,"3":0,"4":3,"5":0,"6":3,"7":9,"8":0,"9":3,"10":0,"11":0,"12":0,"13":0},"b":{},"_coverageSchema":"1a1c01bbd47fc00a2c39e90264f33305004495a9","hash":"26a2dee956ddd44a3474556fec9f364f4a2458af"}
}
