TN:
SF:services\services.js
FN:2,(anonymous_0)
FN:6,(anonymous_1)
FN:15,(anonymous_2)
FN:24,(anonymous_3)
FN:31,(anonymous_4)
FN:40,(anonymous_5)
FN:49,(anonymous_6)
FN:52,(anonymous_7)
FN:63,(anonymous_8)
FN:74,(anonymous_9)
FN:83,(anonymous_10)
FN:92,(anonymous_11)
FN:101,(anonymous_12)
FN:110,(anonymous_13)
FNF:14
FNH:6
FNDA:1,(anonymous_0)
FNDA:3,(anonymous_1)
FNDA:0,(anonymous_2)
FNDA:0,(anonymous_3)
FNDA:3,(anonymous_4)
FNDA:0,(anonymous_5)
FNDA:3,(anonymous_6)
FNDA:9,(anonymous_7)
FNDA:0,(anonymous_8)
FNDA:3,(anonymous_9)
FNDA:0,(anonymous_10)
FNDA:0,(anonymous_11)
FNDA:0,(anonymous_12)
FNDA:0,(anonymous_13)
DA:3,1
DA:7,3
DA:8,3
DA:9,2
DA:11,1
DA:16,0
DA:17,0
DA:24,0
DA:27,0
DA:32,3
DA:33,3
DA:34,2
DA:36,1
DA:41,0
DA:42,0
DA:43,0
DA:45,0
DA:50,3
DA:51,3
DA:52,2
DA:53,9
DA:56,2
DA:59,1
DA:64,0
DA:65,0
DA:67,0
DA:70,0
DA:75,3
DA:76,3
DA:77,2
DA:79,1
DA:84,0
DA:85,0
DA:86,0
DA:88,0
DA:93,0
DA:94,0
DA:95,0
DA:97,0
DA:102,0
DA:103,0
DA:104,0
DA:106,0
DA:111,0
DA:112,0
DA:113,0
DA:115,0
DA:121,1
LF:48
LH:20
BRF:0
BRH:0
end_of_record
